Build started 2015/06/21 (日) 22:27:50.
     1>Project "H:\Cloud\OneDrive\IDE\Visual Studio 2010\Projects\bme2chart_rx\bme2chart_rx\bme2chart_rx.vcxproj" on node 2 (build target(s)).
     1>InitializeBuildStatus:
         Creating "Debug\bme2chart_rx.unsuccessfulbuild" because "AlwaysCreate" was specified.
       ClCompile:
         C:\Program Files (x86)\Microsoft Visual Studio 10.0\VC\bin\CL.exe /c /ZI /nologo /W3 /WX- /Od /Oy- /D _MBCS /Gm /EHsc /RTC1 /MDd /GS /fp:precise /Zc:wchar_t /Zc:forScope /Fo"Debug\\" /Fd"Debug\vc100.pdb" /Gd /TP /analyze- /errorReport:prompt bme.cpp main.cpp process.cpp
         process.cpp
     1>h:\cloud\onedrive\ide\visual studio 2010\projects\bme2chart_rx\bme2chart_rx\process.cpp(14): warning C4018: '<' : signed/unsigned mismatch
     1>h:\cloud\onedrive\ide\visual studio 2010\projects\bme2chart_rx\bme2chart_rx\process.cpp(88): warning C4018: '<' : signed/unsigned mismatch
     1>h:\cloud\onedrive\ide\visual studio 2010\projects\bme2chart_rx\bme2chart_rx\process.cpp(118): warning C4018: '<' : signed/unsigned mismatch
     1>h:\cloud\onedrive\ide\visual studio 2010\projects\bme2chart_rx\bme2chart_rx\process.cpp(171): warning C4244: 'argument' : conversion from 'double' to 'int', possible loss of data
     1>h:\cloud\onedrive\ide\visual studio 2010\projects\bme2chart_rx\bme2chart_rx\process.cpp(183): warning C4018: '<' : signed/unsigned mismatch
     1>h:\cloud\onedrive\ide\visual studio 2010\projects\bme2chart_rx\bme2chart_rx\process.cpp(185): warning C4244: 'argument' : conversion from 'double' to 'int', possible loss of data
         main.cpp
     1>h:\cloud\onedrive\ide\visual studio 2010\projects\bme2chart_rx\bme2chart_rx\main.cpp(95): warning C4018: '<' : signed/unsigned mismatch
     1>h:\cloud\onedrive\ide\visual studio 2010\projects\bme2chart_rx\bme2chart_rx\main.cpp(121): warning C4018: '<' : signed/unsigned mismatch
     1>h:\cloud\onedrive\ide\visual studio 2010\projects\bme2chart_rx\bme2chart_rx\main.cpp(129): warning C4244: '+=' : conversion from 'double' to 'int', possible loss of data
     1>h:\cloud\onedrive\ide\visual studio 2010\projects\bme2chart_rx\bme2chart_rx\main.cpp(132): warning C4018: '<' : signed/unsigned mismatch
     1>h:\cloud\onedrive\ide\visual studio 2010\projects\bme2chart_rx\bme2chart_rx\main.cpp(142): warning C4018: '<' : signed/unsigned mismatch
     1>h:\cloud\onedrive\ide\visual studio 2010\projects\bme2chart_rx\bme2chart_rx\main.cpp(157): warning C4018: '<' : signed/unsigned mismatch
         bme.cpp
     1>h:\cloud\onedrive\ide\visual studio 2010\projects\bme2chart_rx\bme2chart_rx\bme.cpp(132): warning C4244: 'return' : conversion from 'double' to 'int', possible loss of data
     1>h:\cloud\onedrive\ide\visual studio 2010\projects\bme2chart_rx\bme2chart_rx\bme.cpp(136): warning C4018: '<' : signed/unsigned mismatch
     1>h:\cloud\onedrive\ide\visual studio 2010\projects\bme2chart_rx\bme2chart_rx\bme.cpp(154): warning C4018: '<' : signed/unsigned mismatch
     1>h:\cloud\onedrive\ide\visual studio 2010\projects\bme2chart_rx\bme2chart_rx\bme.cpp(173): warning C4018: '<' : signed/unsigned mismatch
     1>h:\cloud\onedrive\ide\visual studio 2010\projects\bme2chart_rx\bme2chart_rx\bme.cpp(181): warning C4244: '+=' : conversion from 'double' to 'int', possible loss of data
     1>h:\cloud\onedrive\ide\visual studio 2010\projects\bme2chart_rx\bme2chart_rx\bme.cpp(236): warning C4018: '<' : signed/unsigned mismatch
     1>h:\cloud\onedrive\ide\visual studio 2010\projects\bme2chart_rx\bme2chart_rx\bme.cpp(245): warning C4018: '<' : signed/unsigned mismatch
         Generating Code...
       Link:
         C:\Program Files (x86)\Microsoft Visual Studio 10.0\VC\bin\link.exe /ERRORREPORT:PROMPT /OUT:"H:\Cloud\OneDrive\IDE\Visual Studio 2010\Projects\bme2chart_rx\Debug\bme2chart_rx.exe" /NOLOGO kernel32.lib user32.lib gdi32.lib winspool.lib comdlg32.lib advapi32.lib shell32.lib ole32.lib oleaut32.lib uuid.lib odbc32.lib odbccp32.lib /MANIFEST /ManifestFile:"Debug\bme2chart_rx.exe.intermediate.manifest" /MANIFESTUAC:"level='asInvoker' uiAccess='false'" /DEBUG /PDB:"H:\Cloud\OneDrive\IDE\Visual Studio 2010\Projects\bme2chart_rx\Debug\bme2chart_rx.pdb" /TLBID:1 /DYNAMICBASE /NXCOMPAT /IMPLIB:"H:\Cloud\OneDrive\IDE\Visual Studio 2010\Projects\bme2chart_rx\Debug\bme2chart_rx.lib" /MACHINE:X86 Debug\bme.obj
         Debug\main.obj
         Debug\process.obj
         LINK : H:\Cloud\OneDrive\IDE\Visual Studio 2010\Projects\bme2chart_rx\Debug\bme2chart_rx.exe not found or not built by the last incremental link; performing full link
         bme2chart_rx.vcxproj -> H:\Cloud\OneDrive\IDE\Visual Studio 2010\Projects\bme2chart_rx\Debug\bme2chart_rx.exe
       Manifest:
         C:\Program Files (x86)\Microsoft SDKs\Windows\v7.0A\bin\mt.exe /nologo /verbose /outputresource:"H:\Cloud\OneDrive\IDE\Visual Studio 2010\Projects\bme2chart_rx\Debug\bme2chart_rx.exe;#1" /manifest Debug\bme2chart_rx.exe.intermediate.manifest
       FinalizeBuildStatus:
         Deleting file "Debug\bme2chart_rx.unsuccessfulbuild".
         Touching "Debug\bme2chart_rx.lastbuildstate".
     1>Done Building Project "H:\Cloud\OneDrive\IDE\Visual Studio 2010\Projects\bme2chart_rx\bme2chart_rx\bme2chart_rx.vcxproj" (build target(s)).

Build succeeded.

Time Elapsed 00:00:03.46
